c:\users\emre\source\repos\collect\intermediate\x64\debug\collect.pch
c:\users\emre\source\repos\collect\intermediate\x64\debug\vc143.pdb
c:\users\emre\source\repos\collect\intermediate\x64\debug\pch.obj
c:\users\emre\source\repos\collect\intermediate\x64\debug\process.obj
c:\users\emre\source\repos\collect\intermediate\x64\debug\network.obj
c:\users\emre\source\repos\collect\intermediate\x64\debug\form1.obj
c:\users\emre\source\repos\collect\intermediate\x64\debug\cppclr_winformsprojekt.obj
c:\users\emre\source\repos\collect\intermediate\x64\debug\assemblyinfo.obj
c:\users\emre\source\repos\collect\intermediate\x64\debug\.netframework,version=v4.7.2.assemblyattributes.obj
c:\users\emre\source\repos\collect\x64\debug\collect.exe
c:\users\emre\source\repos\collect\x64\debug\collect.pdb
c:\users\emre\source\repos\collect\intermediate\x64\debug\collect.tlog\metagen.write.1.tlog
c:\users\emre\source\repos\collect\intermediate\x64\debug\app.res
c:\users\emre\source\repos\collect\intermediate\x64\debug\collect.vcxproj.filelistabsolute.txt
c:\users\emre\source\repos\collect\intermediate\x64\debug\collect.tlog\cl.command.1.tlog
c:\users\emre\source\repos\collect\intermediate\x64\debug\collect.tlog\cl.items.tlog
c:\users\emre\source\repos\collect\intermediate\x64\debug\collect.tlog\cl.read.1.tlog
c:\users\emre\source\repos\collect\intermediate\x64\debug\collect.tlog\cl.write.1.tlog
c:\users\emre\source\repos\collect\intermediate\x64\debug\collect.tlog\link.command.1.tlog
c:\users\emre\source\repos\collect\intermediate\x64\debug\collect.tlog\link.read.1.tlog
c:\users\emre\source\repos\collect\intermediate\x64\debug\collect.tlog\link.secondary.1.tlog
c:\users\emre\source\repos\collect\intermediate\x64\debug\collect.tlog\link.write.1.tlog
c:\users\emre\source\repos\collect\intermediate\x64\debug\collect.tlog\metagen.read.1.tlog
c:\users\emre\source\repos\collect\intermediate\x64\debug\collect.tlog\rc.command.1.tlog
c:\users\emre\source\repos\collect\intermediate\x64\debug\collect.tlog\rc.read.1.tlog
c:\users\emre\source\repos\collect\intermediate\x64\debug\collect.tlog\rc.write.1.tlog
c:\users\emre\source\repos\collect\intermediate\x64\debug\collect.tlog\resgen.command.1.tlog
c:\users\emre\source\repos\collect\intermediate\x64\debug\collect.tlog\resgen.read.1.tlog
c:\users\emre\source\repos\collect\intermediate\x64\debug\collect.tlog\resgen.write.1.tlog
c:\users\emre\source\repos\collect\intermediate\x64\debug\collect.tlog\system.data.dll.metagen
c:\users\emre\source\repos\collect\intermediate\x64\debug\collect.tlog\system.dll.metagen
c:\users\emre\source\repos\collect\intermediate\x64\debug\collect.tlog\system.drawing.dll.metagen
c:\users\emre\source\repos\collect\intermediate\x64\debug\collect.tlog\system.windows.forms.datavisualization.dll.metagen
c:\users\emre\source\repos\collect\intermediate\x64\debug\collect.tlog\system.windows.forms.dll.metagen
c:\users\emre\source\repos\collect\intermediate\x64\debug\collect.tlog\system.xml.dll.metagen
c:\users\emre\source\repos\collect\intermediate\x64\debug\collect.tlog\clui.dll.bi
