  CppCLR_WinformsProjekt.cpp
C:\Users\Emre\source\repos\Collect\Collect\Form1.h(1097,21): warning C4101: 'ex': yerel değişken başvurusu kaldırıldı
  ('/Collect/CppCLR_WinformsProjekt.cpp' kaynak dosyası derleniyor)
  
C:\Users\Emre\source\repos\Collect\Collect\Form1.h(1198,84): warning C4244: 'bağımsız değişken': 'float' - 'int' dönüşümü; veri kaybı olabilir
  ('/Collect/CppCLR_WinformsProjekt.cpp' kaynak dosyası derleniyor)
  
C:\Users\Emre\source\repos\Collect\Collect\Form1.h(1198,46): warning C4244: 'bağımsız değişken': 'float' - 'int' dönüşümü; veri kaybı olabilir
  ('/Collect/CppCLR_WinformsProjekt.cpp' kaynak dosyası derleniyor)
  
C:\Users\Emre\source\repos\Collect\Collect\Form1.h(1198,39): warning C4244: 'bağımsız değişken': 'float' - 'int' dönüşümü; veri kaybı olabilir
  ('/Collect/CppCLR_WinformsProjekt.cpp' kaynak dosyası derleniyor)
  
  Form1.cpp
C:\Users\Emre\source\repos\Collect\Collect\Form1.h(1097,21): warning C4101: 'ex': yerel değişken başvurusu kaldırıldı
  ('/Collect/Form1.cpp' kaynak dosyası derleniyor)
  
C:\Users\Emre\source\repos\Collect\Collect\Form1.h(1198,84): warning C4244: 'bağımsız değişken': 'float' - 'int' dönüşümü; veri kaybı olabilir
  ('/Collect/Form1.cpp' kaynak dosyası derleniyor)
  
C:\Users\Emre\source\repos\Collect\Collect\Form1.h(1198,46): warning C4244: 'bağımsız değişken': 'float' - 'int' dönüşümü; veri kaybı olabilir
  ('/Collect/Form1.cpp' kaynak dosyası derleniyor)
  
C:\Users\Emre\source\repos\Collect\Collect\Form1.h(1198,39): warning C4244: 'bağımsız değişken': 'float' - 'int' dönüşümü; veri kaybı olabilir
  ('/Collect/Form1.cpp' kaynak dosyası derleniyor)
  
  Kod Üretiliyor...
  AssemblyInfo.obj : MSIL modülü ile karşılaşıldı; MSIL için artımlı bağlama devre dışı bırakıldı; tam bağlantı gerçekleştiriliyor
  Collect.vcxproj -> C:\Users\Emre\source\repos\Collect\x64\Debug\Collect.exe
