C:\Program Files\Microsoft Visual Studio\2022\Community\MSBuild\Microsoft\VC\v170\Microsoft.CppBuild.targets(523,5): warning MSB8004: Intermediate dizini sonda bir eğik çizgiyle bitmiyor. Intermediate dizininin düzgün değerlendirilmesi için bu eğik çizgi gerekli olduğundan bu oluşturma örneği eğik çizgiyi ekleyecek.
  pch.cpp
  AssemblyInfo.cpp
  CppCLR_WinformsProjekt.cpp
C:\Users\Emre\source\repos\Collect\Collect\Form1.h(703,84): warning C4244: 'bağımsız değişken': 'float' - 'int' dönüşümü; veri kaybı olabilir
  ('/Collect/CppCLR_WinformsProjekt.cpp' kaynak dosyası derleniyor)
  
C:\Users\Emre\source\repos\Collect\Collect\Form1.h(703,46): warning C4244: 'bağımsız değişken': 'float' - 'int' dönüşümü; veri kaybı olabilir
  ('/Collect/CppCLR_WinformsProjekt.cpp' kaynak dosyası derleniyor)
  
C:\Users\Emre\source\repos\Collect\Collect\Form1.h(703,39): warning C4244: 'bağımsız değişken': 'float' - 'int' dönüşümü; veri kaybı olabilir
  ('/Collect/CppCLR_WinformsProjekt.cpp' kaynak dosyası derleniyor)
  
  Form1.cpp
C:\Users\Emre\source\repos\Collect\Collect\Form1.h(703,84): warning C4244: 'bağımsız değişken': 'float' - 'int' dönüşümü; veri kaybı olabilir
  ('/Collect/Form1.cpp' kaynak dosyası derleniyor)
  
C:\Users\Emre\source\repos\Collect\Collect\Form1.h(703,46): warning C4244: 'bağımsız değişken': 'float' - 'int' dönüşümü; veri kaybı olabilir
  ('/Collect/Form1.cpp' kaynak dosyası derleniyor)
  
C:\Users\Emre\source\repos\Collect\Collect\Form1.h(703,39): warning C4244: 'bağımsız değişken': 'float' - 'int' dönüşümü; veri kaybı olabilir
  ('/Collect/Form1.cpp' kaynak dosyası derleniyor)
  
  Network.cpp
  Process.cpp
  Kod Üretiliyor...
  .NETFramework,Version=v4.7.2.AssemblyAttributes.cpp
C:\Program Files\Microsoft Visual Studio\2022\Community\MSBuild\Current\Bin\amd64\Microsoft.Common.CurrentVersion.targets(3455,5): error MSB3552: "Collect\Form1.resx" kaynak dosyası bulunamıyor.
